<?xml version="1.0" encoding="UTF-8"?>
<!-- Generated by org.testng.reporters.JUnitXMLReporter -->
<testsuite ignored="0" hostname="DESKTOP-VAC88UU" failures="1" tests="4" name="Test" time="27.836" errors="0" timestamp="2023-03-29T10:34:01 IST">
  <testcase classname="testNG.createcategory" name="addProduct" time="4.784">
    <skipped/>
  </testcase> <!-- addProduct -->
  <testcase classname="testNG.createcategory" name="addProduct" time="3.207">
    <skipped/>
  </testcase> <!-- addProduct -->
  <testcase classname="testNG.createcategory" name="addProduct" time="2.944">
    <skipped/>
  </testcase> <!-- addProduct -->
  <testcase classname="testNG.createcategory" name="addProduct" time="3.221">
    <failure type="java.lang.AssertionError" message="null">
      <![CDATA[java.lang.AssertionError: null
at testNG.createcategory.addProduct(createcategory.java:28)
at java.base/java.util.ArrayList.forEach(ArrayList.java:1511)
at java.base/java.util.concurrent.FutureTask.run(FutureTask.java:264)
at java.base/java.util.concurrent.ThreadPoolExecutor.runWorker(ThreadPoolExecutor.java:1136)
at java.base/java.util.concurrent.ThreadPoolExecutor$Worker.run(ThreadPoolExecutor.java:635)
at java.base/java.lang.Thread.run(Thread.java:833)
... Removed 18 stack frames]]>
    </failure>
  </testcase> <!-- addProduct -->
</testsuite> <!-- Test -->
