<?xml version="1.0" encoding="UTF-8"?>
<testng-results ignored="0" total="1" passed="0" failed="1" skipped="0">
  <reporter-output>
  </reporter-output>
  <suite started-at="2023-04-06T15:27:27 IST" name="Default suite" finished-at="2023-04-06T15:28:09 IST" duration-ms="41570">
    <groups>
    </groups>
    <test started-at="2023-04-06T15:27:27 IST" name="Default test" finished-at="2023-04-06T15:28:09 IST" duration-ms="41570">
      <class name="testNG.createcategory">
        <test-method is-config="true" signature="connectToDB()[pri:0, instance:testNG.createcategory@66d3eec0]" started-at="2023-04-06T15:27:26 IST" name="connectToDB" finished-at="2023-04-06T15:27:27 IST" duration-ms="972" status="PASS">
          <reporter-output>
          </reporter-output>
        </test-method> <!-- connectToDB -->
        <test-method is-config="true" signature="OpentheBrowser()[pri:0, instance:testNG.createcategory@66d3eec0]" started-at="2023-04-06T15:27:27 IST" name="OpentheBrowser" finished-at="2023-04-06T15:27:51 IST" duration-ms="23788" status="PASS">
          <reporter-output>
          </reporter-output>
        </test-method> <!-- OpentheBrowser -->
        <test-method is-config="true" signature="Adminlogin()[pri:0, instance:testNG.createcategory@66d3eec0]" started-at="2023-04-06T15:27:51 IST" name="Adminlogin" finished-at="2023-04-06T15:27:52 IST" duration-ms="1094" status="PASS">
          <reporter-output>
          </reporter-output>
        </test-method> <!-- Adminlogin -->
        <test-method signature="addProduct()[pri:0, instance:testNG.createcategory@66d3eec0]" started-at="2023-04-06T15:27:52 IST" name="addProduct" finished-at="2023-04-06T15:28:06 IST" duration-ms="13855" status="FAIL">
          <exception class="java.lang.AssertionError">
            <message>
              <![CDATA[null]]>
            </message>
            <full-stacktrace>
              <![CDATA[java.lang.AssertionError: null
at org.testng.Assert.fail(Assert.java:99)
at org.testng.Assert.fail(Assert.java:106)
at testNG.createcategory.addProduct(createcategory.java:28)
at java.base/jdk.internal.reflect.DirectMethodHandleAccessor.invoke(DirectMethodHandleAccessor.java:104)
at java.base/java.lang.reflect.Method.invoke(Method.java:577)
at org.testng.internal.MethodInvocationHelper.invokeMethod(MethodInvocationHelper.java:133)
at org.testng.internal.TestInvoker.invokeMethod(TestInvoker.java:598)
at org.testng.internal.TestInvoker.invokeTestMethod(TestInvoker.java:173)
at org.testng.internal.MethodRunner.runInSequence(MethodRunner.java:46)
at org.testng.internal.TestInvoker$MethodInvocationAgent.invoke(TestInvoker.java:824)
at org.testng.internal.TestInvoker.invokeTestMethods(TestInvoker.java:146)
at org.testng.internal.TestMethodWorker.invokeTestMethods(TestMethodWorker.java:146)
at org.testng.internal.TestMethodWorker.run(TestMethodWorker.java:128)
at java.base/java.util.ArrayList.forEach(ArrayList.java:1511)
at org.testng.TestRunner.privateRun(TestRunner.java:794)
at org.testng.TestRunner.run(TestRunner.java:596)
at org.testng.SuiteRunner.runTest(SuiteRunner.java:377)
at org.testng.SuiteRunner.runSequentially(SuiteRunner.java:371)
at org.testng.SuiteRunner.privateRun(SuiteRunner.java:332)
at org.testng.SuiteRunner.run(SuiteRunner.java:276)
at org.testng.SuiteRunnerWorker.runSuite(SuiteRunnerWorker.java:53)
at org.testng.SuiteRunnerWorker.run(SuiteRunnerWorker.java:96)
at org.testng.TestNG.runSuitesSequentially(TestNG.java:1212)
at org.testng.TestNG.runSuitesLocally(TestNG.java:1134)
at org.testng.TestNG.runSuites(TestNG.java:1063)
at org.testng.TestNG.run(TestNG.java:1031)
at org.testng.remote.AbstractRemoteTestNG.run(AbstractRemoteTestNG.java:115)
at org.testng.remote.RemoteTestNG.initAndRun(RemoteTestNG.java:251)
at org.testng.remote.RemoteTestNG.main(RemoteTestNG.java:77)
]]>
            </full-stacktrace>
          </exception> <!-- java.lang.AssertionError -->
          <reporter-output>
          </reporter-output>
        </test-method> <!-- addProduct -->
        <test-method is-config="true" signature="Adminlogout()[pri:0, instance:testNG.createcategory@66d3eec0]" started-at="2023-04-06T15:28:06 IST" name="Adminlogout" finished-at="2023-04-06T15:28:06 IST" duration-ms="239" status="PASS">
          <reporter-output>
          </reporter-output>
        </test-method> <!-- Adminlogout -->
        <test-method is-config="true" signature="closetheBrowser()[pri:0, instance:testNG.createcategory@66d3eec0]" started-at="2023-04-06T15:28:06 IST" name="closetheBrowser" finished-at="2023-04-06T15:28:09 IST" duration-ms="2517" status="PASS">
          <reporter-output>
          </reporter-output>
        </test-method> <!-- closetheBrowser -->
        <test-method is-config="true" signature="closeDB()[pri:0, instance:testNG.createcategory@66d3eec0]" started-at="2023-04-06T15:28:11 IST" name="closeDB" finished-at="2023-04-06T15:28:11 IST" duration-ms="25" status="PASS">
          <reporter-output>
          </reporter-output>
        </test-method> <!-- closeDB -->
      </class> <!-- testNG.createcategory -->
    </test> <!-- Default test -->
  </suite> <!-- Default suite -->
</testng-results>
